<?xml version="1.0" encoding="UTF-8"?>
<testsuite name="dssc.exam.draughts.moveLogics.TestIfCandidateSkipPathBuilder" tests="1" skipped="0" failures="0" errors="0" timestamp="2022-03-19T11:02:35" hostname="Macbook-Air-Bax.local" time="0.041">
  <properties/>
  <testcase name="givesHigherScoreToPathWithFirstOccurrenceOfAKing()" classname="dssc.exam.draughts.moveLogics.TestIfCandidateSkipPathBuilder" time="0.041"/>
  <system-out><![CDATA[]]></system-out>
  <system-err><![CDATA[]]></system-err>
</testsuite>
