<?xml version="1.0" encoding="UTF-8"?>
<testsuite name="dssc.exam.draughts.moveLogics.TestIfMoveValidator" tests="9" skipped="0" failures="0" errors="0" timestamp="2022-03-19T10:28:51" hostname="Macbook-Air-Bax.local" time="1.186">
  <properties/>
  <testcase name="checksForCorrectDirectionOfAPiece()" classname="dssc.exam.draughts.moveLogics.TestIfMoveValidator" time="0.004"/>
  <testcase name="allowsToMoveOnlyByOneOrTwoTiles()" classname="dssc.exam.draughts.moveLogics.TestIfMoveValidator" time="0.003"/>
  <testcase name="[1] sourceRow=0, sourceCol=0, destinationRow=1, destinationCol=1" classname="dssc.exam.draughts.moveLogics.TestIfMoveValidator" time="0.003"/>
  <testcase name="[2] sourceRow=3, sourceCol=3, destinationRow=4, destinationCol=4" classname="dssc.exam.draughts.moveLogics.TestIfMoveValidator" time="0.004"/>
  <testcase name="[3] sourceRow=5, sourceCol=5, destinationRow=6, destinationCol=6" classname="dssc.exam.draughts.moveLogics.TestIfMoveValidator" time="0.004"/>
  <testcase name="[4] sourceRow=0, sourceCol=2, destinationRow=1, destinationCol=3" classname="dssc.exam.draughts.moveLogics.TestIfMoveValidator" time="0.006"/>
  <testcase name="throwsErrorIfSamePosition" classname="dssc.exam.draughts.moveLogics.TestIfMoveValidator" time="0.023"/>
  <testcase name="throwsInvalidPositionException" classname="dssc.exam.draughts.moveLogics.TestIfMoveValidator" time="0.426"/>
  <testcase name="checksDiagonalPosition" classname="dssc.exam.draughts.moveLogics.TestIfMoveValidator" time="0.067"/>
  <system-out><![CDATA[]]></system-out>
  <system-err><![CDATA[]]></system-err>
</testsuite>
