<?xml version="1.0" encoding="UTF-8"?>
<testsuite name="dssc.exam.draughts.display.TestIfDisplayBoard" tests="1" skipped="0" failures="0" errors="0" timestamp="2022-03-21T11:17:36" hostname="mb-G5-5500" time="0.01">
  <properties/>
  <testcase name="printsBoardCorrectly()" classname="dssc.exam.draughts.display.TestIfDisplayBoard" time="0.01"/>
  <system-out><![CDATA[]]></system-out>
  <system-err><![CDATA[]]></system-err>
</testsuite>
