<?xml version="1.0" encoding="UTF-8"?>
<testsuite name="dssc.exam.draughts.core.TestIfGame" tests="8" skipped="0" failures="0" errors="0" timestamp="2022-03-19T11:25:50" hostname="Macbook-Air-Bax.local" time="0.15">
  <properties/>
  <testcase name="informsThePlayerThatCanContinueToSkip()" classname="dssc.exam.draughts.core.TestIfGame" time="0.093"/>
  <testcase name="changesPlayer()" classname="dssc.exam.draughts.core.TestIfGame" time="0.002"/>
  <testcase name="doesntAllowToMoveAnOpponentPiece()" classname="dssc.exam.draughts.core.TestIfGame" time="0.011"/>
  <testcase name="EndGameWhenAPlayerCannotMove()" classname="dssc.exam.draughts.core.TestIfGame" time="0.012"/>
  <testcase name="performsAMove()" classname="dssc.exam.draughts.core.TestIfGame" time="0.005"/>
  <testcase name="endsWhenOnePlayerHasNoPiecesLeft()" classname="dssc.exam.draughts.core.TestIfGame" time="0.005"/>
  <testcase name="doesntAllowToStartMovingFromAnEmptyTile()" classname="dssc.exam.draughts.core.TestIfGame" time="0.006"/>
  <testcase name="updatesRoundNumber()" classname="dssc.exam.draughts.core.TestIfGame" time="0.007"/>
  <system-out><![CDATA[]]></system-out>
  <system-err><![CDATA[]]></system-err>
</testsuite>
