<?xml version="1.0" encoding="UTF-8"?>
<testsuite name="dssc.exam.draughts.core.TestIfTile" tests="4" skipped="0" failures="0" errors="0" timestamp="2022-03-17T19:14:12" hostname="ZORO" time="0.011">
  <properties/>
  <testcase name="isNotEmptyIfPieceIsSetOnIt()" classname="dssc.exam.draughts.core.TestIfTile" time="0.003"/>
  <testcase name="isEmpty()" classname="dssc.exam.draughts.core.TestIfTile" time="0.0"/>
  <testcase name="[1] colorOfTile=BLACK, expectedColor=BLACK" classname="dssc.exam.draughts.core.TestIfTile" time="0.001"/>
  <testcase name="[2] colorOfTile=WHITE, expectedColor=WHITE" classname="dssc.exam.draughts.core.TestIfTile" time="0.001"/>
  <system-out><![CDATA[]]></system-out>
  <system-err><![CDATA[]]></system-err>
</testsuite>
