<?xml version="1.0" encoding="UTF-8"?>
<testsuite name="dssc.exam.draughts.display.TestIfDisplayTile" tests="3" skipped="0" failures="0" errors="0" timestamp="2022-03-18T21:12:32" hostname="ZORO" time="0.003">
  <properties/>
  <testcase name="correctlyDisplaysTileOnceBlackPieceIsSetOnIt()" classname="dssc.exam.draughts.display.TestIfDisplayTile" time="0.0"/>
  <testcase name="correctlyDisplaysEmptyTile()" classname="dssc.exam.draughts.display.TestIfDisplayTile" time="0.001"/>
  <testcase name="correctlyDisplaysTileOnceBlackKingIsPlacedOnIt()" classname="dssc.exam.draughts.display.TestIfDisplayTile" time="0.001"/>
  <system-out><![CDATA[]]></system-out>
  <system-err><![CDATA[]]></system-err>
</testsuite>
