<?xml version="1.0" encoding="UTF-8"?>
<testsuite name="dssc.exam.draughts.TestIfStringRepresentationOfPiece" tests="4" skipped="0" failures="0" errors="0" timestamp="2022-03-19T10:28:50" hostname="Macbook-Air-Bax.local" time="0.022">
  <properties/>
  <testcase name="displayBlackKing()" classname="dssc.exam.draughts.TestIfStringRepresentationOfPiece" time="0.009"/>
  <testcase name="displayWhiteKing()" classname="dssc.exam.draughts.TestIfStringRepresentationOfPiece" time="0.002"/>
  <testcase name="displayWhiteMan()" classname="dssc.exam.draughts.TestIfStringRepresentationOfPiece" time="0.002"/>
  <testcase name="displayBlackMan()" classname="dssc.exam.draughts.TestIfStringRepresentationOfPiece" time="0.002"/>
  <system-out><![CDATA[]]></system-out>
  <system-err><![CDATA[]]></system-err>
</testsuite>
