<?xml version="1.0" encoding="UTF-8"?>
<testsuite name="dssc.exam.draughts.display.TestIfDisplayPiece" tests="4" skipped="0" failures="0" errors="0" timestamp="2022-03-21T11:17:36" hostname="mb-G5-5500" time="0.004">
  <properties/>
  <testcase name="[1] colorOfPiece=BLACK, representationOfPiece=[b]" classname="dssc.exam.draughts.display.TestIfDisplayPiece" time="0.0"/>
  <testcase name="[2] colorOfPiece=WHITE, representationOfPiece=[w]" classname="dssc.exam.draughts.display.TestIfDisplayPiece" time="0.0"/>
  <testcase name="[1] colorOfPiece=BLACK, representationOfPiece=[B]" classname="dssc.exam.draughts.display.TestIfDisplayPiece" time="0.0"/>
  <testcase name="[2] colorOfPiece=WHITE, representationOfPiece=[W]" classname="dssc.exam.draughts.display.TestIfDisplayPiece" time="0.0"/>
  <system-out><![CDATA[]]></system-out>
  <system-err><![CDATA[]]></system-err>
</testsuite>
