<?xml version="1.0" encoding="UTF-8"?>
<testsuite name="dssc.exam.draughts.display.TestIfDisplayPiece" tests="4" skipped="0" failures="0" errors="0" timestamp="2022-03-20T14:42:32" hostname="Macbook-Air-Bax.local" time="0.04">
  <properties/>
  <testcase name="[1] colorOfPiece=BLACK, representationOfPiece=[b]" classname="dssc.exam.draughts.display.TestIfDisplayPiece" time="0.005"/>
  <testcase name="[2] colorOfPiece=WHITE, representationOfPiece=[w]" classname="dssc.exam.draughts.display.TestIfDisplayPiece" time="0.002"/>
  <testcase name="[1] colorOfPiece=BLACK, representationOfPiece=[B]" classname="dssc.exam.draughts.display.TestIfDisplayPiece" time="0.002"/>
  <testcase name="[2] colorOfPiece=WHITE, representationOfPiece=[W]" classname="dssc.exam.draughts.display.TestIfDisplayPiece" time="0.005"/>
  <system-out><![CDATA[]]></system-out>
  <system-err><![CDATA[]]></system-err>
</testsuite>
