<?xml version="1.0" encoding="UTF-8"?>
<testsuite name="dssc.exam.draughts.display.TestIfDisplayBoard" tests="1" skipped="0" failures="0" errors="0" timestamp="2022-03-19T17:55:18" hostname="Macbook-Air-Bax.local" time="0.016">
  <properties/>
  <testcase name="printsBoardCorrectly()" classname="dssc.exam.draughts.display.TestIfDisplayBoard" time="0.016"/>
  <system-out><![CDATA[]]></system-out>
  <system-err><![CDATA[]]></system-err>
</testsuite>
