<?xml version="1.0" encoding="UTF-8"?>
<testsuite name="dssc.exam.draughts.TestIfStringRepresentationOfPiece" tests="4" skipped="0" failures="0" errors="0" timestamp="2022-03-20T10:34:49" hostname="Macbook-Air-Bax.local" time="0.011">
  <properties/>
  <testcase name="displayBlackKing()" classname="dssc.exam.draughts.TestIfStringRepresentationOfPiece" time="0.005"/>
  <testcase name="displayWhiteKing()" classname="dssc.exam.draughts.TestIfStringRepresentationOfPiece" time="0.001"/>
  <testcase name="displayWhiteMan()" classname="dssc.exam.draughts.TestIfStringRepresentationOfPiece" time="0.001"/>
  <testcase name="displayBlackMan()" classname="dssc.exam.draughts.TestIfStringRepresentationOfPiece" time="0.001"/>
  <system-out><![CDATA[]]></system-out>
  <system-err><![CDATA[]]></system-err>
</testsuite>
