<?xml version="1.0" encoding="UTF-8"?>
<testsuite name="dssc.exam.draughts.core.TestIfPlayer" tests="2" skipped="0" failures="0" errors="0" timestamp="2022-03-20T14:21:44" hostname="ZORO" time="0.066">
  <properties/>
  <testcase name="[1] inputList=[3, 4, 5, 6]" classname="dssc.exam.draughts.core.TestIfPlayer" time="0.06"/>
  <testcase name="[2] inputList=[12, 15, 14, 36]" classname="dssc.exam.draughts.core.TestIfPlayer" time="0.002"/>
  <system-out><![CDATA[]]></system-out>
  <system-err><![CDATA[]]></system-err>
</testsuite>
