<?xml version="1.0" encoding="UTF-8"?>
<testsuite name="dssc.exam.draughts.display.TestIfDisplayTile" tests="3" skipped="0" failures="0" errors="0" timestamp="2022-03-20T14:42:32" hostname="Macbook-Air-Bax.local" time="0.014">
  <properties/>
  <testcase name="correctlyDisplaysTileOnceBlackPieceIsSetOnIt()" classname="dssc.exam.draughts.display.TestIfDisplayTile" time="0.003"/>
  <testcase name="correctlyDisplaysEmptyTile()" classname="dssc.exam.draughts.display.TestIfDisplayTile" time="0.001"/>
  <testcase name="correctlyDisplaysTileOnceBlackKingIsPlacedOnIt()" classname="dssc.exam.draughts.display.TestIfDisplayTile" time="0.006"/>
  <system-out><![CDATA[]]></system-out>
  <system-err><![CDATA[]]></system-err>
</testsuite>
